37 INFO: -- INITIALIZING 1.0 --
96 INFO: calling DecoyWindow()
52 DEBUG: setting: logo
66 DEBUG: setting: screen size
74 DEBUG: setting: label
79 DEBUG: setting: layout
1720 DEBUG: checking for required files...
1734 DEBUG: loading app data...
1744 DEBUG: fetching the logo icon...
1750 DEBUG: closing other instances...
1752 DEBUG: creating app root...
1754 INFO: calling MainTool()
161 INFO: Initializing grid
168 INFO: calling init_ui()
178 DEBUG: setting: logo_button
187 DEBUG: setting: app_title_label
195 DEBUG: setting: scripting_buttons
202 INFO: calling open_tool()
205 DEBUG: repositioning logo, label
1761 INFO: app_exec time: 1.6272
